[2023-03-16 11:31:29,300][util][INFO] - yaml
name: drag
model:
  epsilon: 0.1
  batch_size: 5
  gamma: 0.9
  learning_rate: 0.00025
  synchro_time: 100
  weight_name: weight.pth
  test_anim_name: test.GIF
  warm_up_anim_name: warm_up.GIF
  reward_fig_name: reward.png
  test_reward_fig_name: reward.png
  loss_fig_name: loss.png
  anim_interval: 25
  train_anim_show: false
env:
  init_wide: 0.5
  init_height: 0.5
  max_episode: 100
  max_epoch: 200
  warm_up_epoch: 10
  round_digit: 16
  edp_path: /Users/YudaiSugiyama/KuLabo/_src/12_DQN_MinDrag/order_analysis.edp
  csv_path: data.csv

[2023-03-16 11:31:29,364][util][INFO] - optimizer
Adam (
Parameter Group 0
    amsgrad: False
    betas: (0.9, 0.999)
    capturable: False
    differentiable: False
    eps: 1e-08
    foreach: None
    fused: False
    lr: 0.00025
    maximize: False
    weight_decay: 0
)
[2023-03-16 11:31:29,365][util][INFO] - loss function
SmoothL1Loss()
[2023-03-16 11:31:29,365][util][INFO] - actions list
[[-0.01  0.  ]
 [ 0.    0.  ]
 [ 0.01  0.  ]]
[2023-03-16 11:31:29,367][util][INFO] - main network
Sequential(
  (0): Linear(in_features=2, out_features=3, bias=True)
  (1): ReLU()
  (2): Linear(in_features=3, out_features=4, bias=True)
  (3): ReLU()
  (4): Linear(in_features=4, out_features=5, bias=True)
  (5): ReLU()
  (6): Linear(in_features=5, out_features=3, bias=True)
)
[2023-03-16 11:31:29,368][util][INFO] - target network
Sequential(
  (0): Linear(in_features=2, out_features=3, bias=True)
  (1): ReLU()
  (2): Linear(in_features=3, out_features=4, bias=True)
  (3): ReLU()
  (4): Linear(in_features=4, out_features=5, bias=True)
  (5): ReLU()
  (6): Linear(in_features=5, out_features=3, bias=True)
)
[2023-03-16 11:32:06,191][matplotlib.animation][WARNING] - MovieWriter ffmpeg unavailable; using Pillow instead.
[2023-03-16 11:32:06,192][matplotlib.animation][INFO] - Animation.save using <class 'matplotlib.animation.PillowWriter'>
