[2022-12-30 23:24:52,998][torch.distributed.nn.jit.instantiator][INFO] - Created a temporary directory at /var/folders/cw/kt_jz9vn0j7876mb71wm5r8h0000gn/T/tmple591edi
[2022-12-30 23:24:52,998][torch.distributed.nn.jit.instantiator][INFO] - Writing /var/folders/cw/kt_jz9vn0j7876mb71wm5r8h0000gn/T/tmple591edi/_remote_module_non_scriptable.py
[2022-12-30 23:24:56,452][util][INFO] - yaml
name: drag
model:
  epsilon: 0.1
  batch_size: 5
  gamma: 0.9
  learning_rate: 0.00025
  synchro_time: 100
  weight_name: weight.pth
  test_anim_name: test.GIF
  warm_up_anim_name: warm_up.GIF
  reward_fig_name: reward.png
  test_reward_fig_name: reward.png
  loss_fig_name: loss.png
  anim_interval: 25
  train_anim_show: false
env:
  init_wide: 0.5
  init_height: 0.5
  max_episode: 100
  max_epoch: 200
  warm_up_epoch: 10
  round_digit: 16
  edp_path: /Users/YudaiSugiyama/KuLabo/_code/12-MinDrag_DQN/order_analysis.edp
  csv_path: data.csv

[2022-12-30 23:24:56,502][util][INFO] - optimizer
Adam (
Parameter Group 0
    amsgrad: False
    betas: (0.9, 0.999)
    capturable: False
    eps: 1e-08
    foreach: None
    lr: 0.00025
    maximize: False
    weight_decay: 0
)
[2022-12-30 23:24:56,503][util][INFO] - loss function
SmoothL1Loss()
[2022-12-30 23:24:56,503][util][INFO] - actions list
[[-0.01  0.  ]
 [ 0.    0.  ]
 [ 0.01  0.  ]]
[2022-12-30 23:24:56,505][util][INFO] - main network
Sequential(
  (0): Linear(in_features=2, out_features=3, bias=True)
  (1): ReLU()
  (2): Linear(in_features=3, out_features=4, bias=True)
  (3): ReLU()
  (4): Linear(in_features=4, out_features=5, bias=True)
  (5): ReLU()
  (6): Linear(in_features=5, out_features=3, bias=True)
)
[2022-12-30 23:24:56,506][util][INFO] - target network
Sequential(
  (0): Linear(in_features=2, out_features=3, bias=True)
  (1): ReLU()
  (2): Linear(in_features=3, out_features=4, bias=True)
  (3): ReLU()
  (4): Linear(in_features=4, out_features=5, bias=True)
  (5): ReLU()
  (6): Linear(in_features=5, out_features=3, bias=True)
)
[2022-12-30 23:25:21,936][matplotlib.animation][WARNING] - MovieWriter ffmpeg unavailable; using Pillow instead.
[2022-12-30 23:25:21,936][matplotlib.animation][INFO] - Animation.save using <class 'matplotlib.animation.PillowWriter'>
